<?xml version="1.0" encoding="UTF-8"?>
<testsuite xmlns:xsi="http://www.w3.org/2001/XMLSchema-instance" xsi:noNamespaceSchemaLocation="https://maven.apache.org/surefire/maven-surefire-plugin/xsd/surefire-test-report.xsd" name="TestSuite" time="2.707" tests="2" errors="0" skipped="0" failures="0">
  <properties>
    <property name="sun.desktop" value="windows"/>
    <property name="awt.toolkit" value="sun.awt.windows.WToolkit"/>
    <property name="file.encoding.pkg" value="sun.io"/>
    <property name="java.specification.version" value="1.8"/>
    <property name="sun.cpu.isalist" value="amd64"/>
    <property name="sun.jnu.encoding" value="GBK"/>
    <property name="java.class.path" value="D:\Project\TestHub-master\target\test-classes;D:\Project\TestHub-master\target\classes;C:\Users\oyl23\.m2\repository\com\alibaba\fastjson\1.2.47\fastjson-1.2.47.jar;C:\Users\oyl23\.m2\repository\com\googlecode\protobuf-java-format\protobuf-java-format\1.4\protobuf-java-format-1.4.jar;C:\Users\oyl23\.m2\repository\org\slf4j\slf4j-log4j12\1.7.25\slf4j-log4j12-1.7.25.jar;C:\Users\oyl23\.m2\repository\org\slf4j\slf4j-api\1.7.25\slf4j-api-1.7.25.jar;C:\Users\oyl23\.m2\repository\com\squareup\okhttp3\okhttp\3.10.0\okhttp-3.10.0.jar;C:\Users\oyl23\.m2\repository\com\squareup\okio\okio\1.14.0\okio-1.14.0.jar;C:\Users\oyl23\.m2\repository\com\squareup\okhttp3\logging-interceptor\3.10.0\logging-interceptor-3.10.0.jar;C:\Users\oyl23\.m2\repository\org\testng\testng\6.14.2\testng-6.14.2.jar;C:\Users\oyl23\.m2\repository\com\beust\jcommander\1.72\jcommander-1.72.jar;C:\Users\oyl23\.m2\repository\org\apache-extras\beanshell\bsh\2.0b6\bsh-2.0b6.jar;C:\Users\oyl23\.m2\repository\com\aventstack\extentreports\3.1.5\extentreports-3.1.5.jar;C:\Users\oyl23\.m2\repository\org\freemarker\freemarker\2.3.23\freemarker-2.3.23.jar;C:\Users\oyl23\.m2\repository\org\mongodb\mongodb-driver\3.3.0\mongodb-driver-3.3.0.jar;C:\Users\oyl23\.m2\repository\org\mongodb\bson\3.3.0\bson-3.3.0.jar;C:\Users\oyl23\.m2\repository\org\mongodb\mongodb-driver-core\3.3.0\mongodb-driver-core-3.3.0.jar;C:\Users\oyl23\.m2\repository\org\apache\httpcomponents\httpclient\4.5.2\httpclient-4.5.2.jar;C:\Users\oyl23\.m2\repository\org\apache\httpcomponents\httpcore\4.4.4\httpcore-4.4.4.jar;C:\Users\oyl23\.m2\repository\commons-logging\commons-logging\1.2\commons-logging-1.2.jar;C:\Users\oyl23\.m2\repository\commons-codec\commons-codec\1.9\commons-codec-1.9.jar;C:\Users\oyl23\.m2\repository\org\apache\httpcomponents\httpmime\4.5.2\httpmime-4.5.2.jar;C:\Users\oyl23\.m2\repository\org\jsoup\jsoup\1.9.2\jsoup-1.9.2.jar;C:\Users\oyl23\.m2\repository\com\google\code\gson\gson\2.8.0\gson-2.8.0.jar;C:\Users\oyl23\.m2\repository\com\vimalselvam\testng-extentsreport\1.3.1\testng-extentsreport-1.3.1.jar;C:\Users\oyl23\.m2\repository\com\google\guava\guava\20.0\guava-20.0.jar;C:\Users\oyl23\.m2\repository\com\squareup\retrofit2\retrofit\2.4.0\retrofit-2.4.0.jar;C:\Users\oyl23\.m2\repository\com\squareup\retrofit2\converter-gson\2.3.0\converter-gson-2.3.0.jar;C:\Users\oyl23\.m2\repository\log4j\log4j\1.2.17\log4j-1.2.17.jar;C:\Users\oyl23\.m2\repository\com\fasterxml\jackson\core\jackson-core\2.9.6\jackson-core-2.9.6.jar;C:\Users\oyl23\.m2\repository\com\fasterxml\jackson\core\jackson-databind\2.9.6\jackson-databind-2.9.6.jar;C:\Users\oyl23\.m2\repository\com\fasterxml\jackson\core\jackson-annotations\2.9.0\jackson-annotations-2.9.0.jar;C:\Users\oyl23\.m2\repository\com\github\fge\json-schema-validator\2.2.6\json-schema-validator-2.2.6.jar;C:\Users\oyl23\.m2\repository\com\google\code\findbugs\jsr305\3.0.0\jsr305-3.0.0.jar;C:\Users\oyl23\.m2\repository\joda-time\joda-time\2.3\joda-time-2.3.jar;C:\Users\oyl23\.m2\repository\com\googlecode\libphonenumber\libphonenumber\6.2\libphonenumber-6.2.jar;C:\Users\oyl23\.m2\repository\com\github\fge\json-schema-core\1.2.5\json-schema-core-1.2.5.jar;C:\Users\oyl23\.m2\repository\com\github\fge\uri-template\0.9\uri-template-0.9.jar;C:\Users\oyl23\.m2\repository\com\github\fge\msg-simple\1.1\msg-simple-1.1.jar;C:\Users\oyl23\.m2\repository\com\github\fge\btf\1.2\btf-1.2.jar;C:\Users\oyl23\.m2\repository\com\github\fge\jackson-coreutils\1.8\jackson-coreutils-1.8.jar;C:\Users\oyl23\.m2\repository\org\mozilla\rhino\1.7R4\rhino-1.7R4.jar;C:\Users\oyl23\.m2\repository\javax\mail\mailapi\1.4.3\mailapi-1.4.3.jar;C:\Users\oyl23\.m2\repository\javax\activation\activation\1.1\activation-1.1.jar;C:\Users\oyl23\.m2\repository\net\sf\jopt-simple\jopt-simple\4.6\jopt-simple-4.6.jar;C:\Users\oyl23\.m2\repository\org\apache\maven\surefire\surefire-testng-utils\2.22.0\surefire-testng-utils-2.22.0.jar;C:\Users\oyl23\.m2\repository\org\apache\maven\surefire\surefire-grouper\2.22.0\surefire-grouper-2.22.0.jar;"/>
    <property name="java.vm.vendor" value="Oracle Corporation"/>
    <property name="sun.arch.data.model" value="64"/>
    <property name="user.variant" value=""/>
    <property name="java.vendor.url" value="http://java.oracle.com/"/>
    <property name="user.timezone" value="Asia/Shanghai"/>
    <property name="java.vm.specification.version" value="1.8"/>
    <property name="os.name" value="Windows 10"/>
    <property name="user.country" value="CN"/>
    <property name="sun.java.launcher" value="SUN_STANDARD"/>
    <property name="sun.boot.library.path" value="C:\Program Files\Java\jdk1.8.0_321\jre\bin"/>
    <property name="sun.java.command" value="C:\Users\oyl23\AppData\Local\Temp\surefire7451629240414275473\surefirebooter1747441426890720404.jar C:\Users\oyl23\AppData\Local\Temp\surefire7451629240414275473 2022-03-09T09-25-53_944-jvmRun1 surefire3335496111677531228tmp surefire_01212639998525802702tmp"/>
    <property name="surefire.test.class.path" value="D:\Project\TestHub-master\target\test-classes;D:\Project\TestHub-master\target\classes;C:\Users\oyl23\.m2\repository\com\alibaba\fastjson\1.2.47\fastjson-1.2.47.jar;C:\Users\oyl23\.m2\repository\com\googlecode\protobuf-java-format\protobuf-java-format\1.4\protobuf-java-format-1.4.jar;C:\Users\oyl23\.m2\repository\org\slf4j\slf4j-log4j12\1.7.25\slf4j-log4j12-1.7.25.jar;C:\Users\oyl23\.m2\repository\org\slf4j\slf4j-api\1.7.25\slf4j-api-1.7.25.jar;C:\Users\oyl23\.m2\repository\com\squareup\okhttp3\okhttp\3.10.0\okhttp-3.10.0.jar;C:\Users\oyl23\.m2\repository\com\squareup\okio\okio\1.14.0\okio-1.14.0.jar;C:\Users\oyl23\.m2\repository\com\squareup\okhttp3\logging-interceptor\3.10.0\logging-interceptor-3.10.0.jar;C:\Users\oyl23\.m2\repository\org\testng\testng\6.14.2\testng-6.14.2.jar;C:\Users\oyl23\.m2\repository\com\beust\jcommander\1.72\jcommander-1.72.jar;C:\Users\oyl23\.m2\repository\org\apache-extras\beanshell\bsh\2.0b6\bsh-2.0b6.jar;C:\Users\oyl23\.m2\repository\com\aventstack\extentreports\3.1.5\extentreports-3.1.5.jar;C:\Users\oyl23\.m2\repository\org\freemarker\freemarker\2.3.23\freemarker-2.3.23.jar;C:\Users\oyl23\.m2\repository\org\mongodb\mongodb-driver\3.3.0\mongodb-driver-3.3.0.jar;C:\Users\oyl23\.m2\repository\org\mongodb\bson\3.3.0\bson-3.3.0.jar;C:\Users\oyl23\.m2\repository\org\mongodb\mongodb-driver-core\3.3.0\mongodb-driver-core-3.3.0.jar;C:\Users\oyl23\.m2\repository\org\apache\httpcomponents\httpclient\4.5.2\httpclient-4.5.2.jar;C:\Users\oyl23\.m2\repository\org\apache\httpcomponents\httpcore\4.4.4\httpcore-4.4.4.jar;C:\Users\oyl23\.m2\repository\commons-logging\commons-logging\1.2\commons-logging-1.2.jar;C:\Users\oyl23\.m2\repository\commons-codec\commons-codec\1.9\commons-codec-1.9.jar;C:\Users\oyl23\.m2\repository\org\apache\httpcomponents\httpmime\4.5.2\httpmime-4.5.2.jar;C:\Users\oyl23\.m2\repository\org\jsoup\jsoup\1.9.2\jsoup-1.9.2.jar;C:\Users\oyl23\.m2\repository\com\google\code\gson\gson\2.8.0\gson-2.8.0.jar;C:\Users\oyl23\.m2\repository\com\vimalselvam\testng-extentsreport\1.3.1\testng-extentsreport-1.3.1.jar;C:\Users\oyl23\.m2\repository\com\google\guava\guava\20.0\guava-20.0.jar;C:\Users\oyl23\.m2\repository\com\squareup\retrofit2\retrofit\2.4.0\retrofit-2.4.0.jar;C:\Users\oyl23\.m2\repository\com\squareup\retrofit2\converter-gson\2.3.0\converter-gson-2.3.0.jar;C:\Users\oyl23\.m2\repository\log4j\log4j\1.2.17\log4j-1.2.17.jar;C:\Users\oyl23\.m2\repository\com\fasterxml\jackson\core\jackson-core\2.9.6\jackson-core-2.9.6.jar;C:\Users\oyl23\.m2\repository\com\fasterxml\jackson\core\jackson-databind\2.9.6\jackson-databind-2.9.6.jar;C:\Users\oyl23\.m2\repository\com\fasterxml\jackson\core\jackson-annotations\2.9.0\jackson-annotations-2.9.0.jar;C:\Users\oyl23\.m2\repository\com\github\fge\json-schema-validator\2.2.6\json-schema-validator-2.2.6.jar;C:\Users\oyl23\.m2\repository\com\google\code\findbugs\jsr305\3.0.0\jsr305-3.0.0.jar;C:\Users\oyl23\.m2\repository\joda-time\joda-time\2.3\joda-time-2.3.jar;C:\Users\oyl23\.m2\repository\com\googlecode\libphonenumber\libphonenumber\6.2\libphonenumber-6.2.jar;C:\Users\oyl23\.m2\repository\com\github\fge\json-schema-core\1.2.5\json-schema-core-1.2.5.jar;C:\Users\oyl23\.m2\repository\com\github\fge\uri-template\0.9\uri-template-0.9.jar;C:\Users\oyl23\.m2\repository\com\github\fge\msg-simple\1.1\msg-simple-1.1.jar;C:\Users\oyl23\.m2\repository\com\github\fge\btf\1.2\btf-1.2.jar;C:\Users\oyl23\.m2\repository\com\github\fge\jackson-coreutils\1.8\jackson-coreutils-1.8.jar;C:\Users\oyl23\.m2\repository\org\mozilla\rhino\1.7R4\rhino-1.7R4.jar;C:\Users\oyl23\.m2\repository\javax\mail\mailapi\1.4.3\mailapi-1.4.3.jar;C:\Users\oyl23\.m2\repository\javax\activation\activation\1.1\activation-1.1.jar;C:\Users\oyl23\.m2\repository\net\sf\jopt-simple\jopt-simple\4.6\jopt-simple-4.6.jar;C:\Users\oyl23\.m2\repository\org\apache\maven\surefire\surefire-testng-utils\2.22.0\surefire-testng-utils-2.22.0.jar;C:\Users\oyl23\.m2\repository\org\apache\maven\surefire\surefire-grouper\2.22.0\surefire-grouper-2.22.0.jar;"/>
    <property name="sun.cpu.endian" value="little"/>
    <property name="user.home" value="C:\Users\oyl23"/>
    <property name="user.language" value="zh"/>
    <property name="java.specification.vendor" value="Oracle Corporation"/>
    <property name="java.home" value="C:\Program Files\Java\jdk1.8.0_321\jre"/>
    <property name="basedir" value="D:\Project\TestHub-master"/>
    <property name="file.separator" value="\"/>
    <property name="line.separator" value="&#10;"/>
    <property name="java.vm.specification.vendor" value="Oracle Corporation"/>
    <property name="java.specification.name" value="Java Platform API Specification"/>
    <property name="java.awt.graphicsenv" value="sun.awt.Win32GraphicsEnvironment"/>
    <property name="surefire.real.class.path" value="C:\Users\oyl23\AppData\Local\Temp\surefire7451629240414275473\surefirebooter1747441426890720404.jar"/>
    <property name="sun.boot.class.path" value="C:\Program Files\Java\jdk1.8.0_321\jre\lib\resources.jar;C:\Program Files\Java\jdk1.8.0_321\jre\lib\rt.jar;C:\Program Files\Java\jdk1.8.0_321\jre\lib\sunrsasign.jar;C:\Program Files\Java\jdk1.8.0_321\jre\lib\jsse.jar;C:\Program Files\Java\jdk1.8.0_321\jre\lib\jce.jar;C:\Program Files\Java\jdk1.8.0_321\jre\lib\charsets.jar;C:\Program Files\Java\jdk1.8.0_321\jre\lib\jfr.jar;C:\Program Files\Java\jdk1.8.0_321\jre\classes"/>
    <property name="user.script" value=""/>
    <property name="sun.management.compiler" value="HotSpot 64-Bit Tiered Compilers"/>
    <property name="java.runtime.version" value="1.8.0_321-b07"/>
    <property name="user.name" value="oyl23"/>
    <property name="path.separator" value=";"/>
    <property name="os.version" value="10.0"/>
    <property name="java.endorsed.dirs" value="C:\Program Files\Java\jdk1.8.0_321\jre\lib\endorsed"/>
    <property name="java.runtime.name" value="Java(TM) SE Runtime Environment"/>
    <property name="file.encoding" value="UTF-8"/>
    <property name="java.vm.name" value="Java HotSpot(TM) 64-Bit Server VM"/>
    <property name="localRepository" value="C:\Users\oyl23\.m2\repository"/>
    <property name="java.vendor.url.bug" value="http://bugreport.sun.com/bugreport/"/>
    <property name="java.io.tmpdir" value="C:\Users\oyl23\AppData\Local\Temp\"/>
    <property name="java.version" value="1.8.0_321"/>
    <property name="user.dir" value="D:\Project\TestHub-master"/>
    <property name="os.arch" value="amd64"/>
    <property name="java.vm.specification.name" value="Java Virtual Machine Specification"/>
    <property name="java.awt.printerjob" value="sun.awt.windows.WPrinterJob"/>
    <property name="sun.os.patch.level" value=""/>
    <property name="java.library.path" value="C:\Program Files\Java\jdk1.8.0_321\jre\bin;C:\WINDOWS\Sun\Java\bin;C:\WINDOWS\system32;C:\WINDOWS;C:\Program Files\Java\jdk1.8.0_321\bin;C:\Program Files\Java\jdk1.8.0_321\jre\bin;C:\WINDOWS\system32;C:\WINDOWS;C:\WINDOWS\System32\Wbem;C:\WINDOWS\System32\WindowsPowerShell\v1.0\;C:\WINDOWS\System32\OpenSSH\;C:\Users\oyl23\.dnx\bin;C:\Program Files\Microsoft DNX\Dnvm\;C:\Program Files\Microsoft SQL Server\130\Tools\Binn\;C:\Program Files (x86)\Windows Kits\8.1\Windows Performance Toolkit\;C:\TDM-GCC-64\bin;C:\Program Files\MATLAB\R2018a\runtime\win64;C:\Program Files\MATLAB\R2018a\bin;C:\Program Files\Git\cmd;D:\Apache\maven\apache-maven-3.8.4\bin\;C:\Program Files\apache-tomcat-9.0.59\lib;C:\Program Files\apache-tomcat-9.0.59\lib\servlet-api.jar;C:\Program Files\apache-tomcat-9.0.59\lib\jsp-api.jar;C:\Users\oyl23\anaconda3;C:\Users\oyl23\anaconda3\Library\mingw-w64\bin;C:\Users\oyl23\anaconda3\Library\usr\bin;C:\Users\oyl23\anaconda3\Library\bin;C:\Users\oyl23\anaconda3\Scripts;C:\Users\oyl23\AppData\Local\Microsoft\WindowsApps;D:\OpenCV\build\x64\vc15\bin;C:\Users\oyl23\AppData\Local\Google\Chrome\Application;D:\Apache\maven\apache-maven-3.8.4\bin;;."/>
    <property name="java.vm.info" value="mixed mode"/>
    <property name="java.vendor" value="Oracle Corporation"/>
    <property name="java.vm.version" value="25.321-b07"/>
    <property name="java.ext.dirs" value="C:\Program Files\Java\jdk1.8.0_321\jre\lib\ext;C:\WINDOWS\Sun\Java\lib\ext"/>
    <property name="sun.io.unicode.encoding" value="UnicodeLittle"/>
    <property name="java.class.version" value="52.0"/>
  </properties>
  <testcase name="testcase1" classname="com.jxq.douban.SearchTagsTest" time="0.986"/>
  <testcase name="testcase2" classname="com.jxq.douban.SearchTagsTest" time="0.056"/>
</testsuite>