<?xml version="1.0" encoding="UTF-8"?>
<!-- Generated by org.testng.reporters.JUnitReportReporter -->
<testsuite skipped="0" hostname="DESKTOP-2VBJEQR" name="com.jxq.douban.SearchTagsTest" tests="2" failures="0" timestamp="09 Mar 2022 01:25:57 GMT" time="1.019" errors="0">
  <testcase name="testcase2" time="0.047" classname="com.jxq.douban.SearchTagsTest"/>
  <testcase name="testcase1" time="0.972" classname="com.jxq.douban.SearchTagsTest"/>
</testsuite> <!-- com.jxq.douban.SearchTagsTest -->
